[RootApplication] Config file loaded.
[AdaptiveServer] Config file loaded.
[AdaptiveServer] Sampler loaded
[AdaptiveServer] [CentroidSampler] New sampling weights set!
[AdaptiveServer] [CountsSampler] Beta=1.0. Setting multinomial weights, [ 0.00032227  0.00032227  0.00032227 ...,  0.00032227  0.00032227
  0.00032227]
[AdaptiveServer] [CentroidSampler] New model, "/home/harrigan/projects/toy-movie-local.old/tmat/ll/ll-1000/models/d2aea4af-a103-47d8-a69f-8d4cad21a066.h5", loaded
[AdaptiveServer] Loading most recent model on disk, "<Model path=/home/harrigan/projects/toy-movie-local.old/tmat/ll/ll-1000/models/d2aea4af-a103-47d8-a69f-8d4cad21a066.h5>". According to the database
[AdaptiveServer] Ignoring seed structures, since we found a model.
[AdaptiveServer] IOLoop starting
[AdaptiveServer] RECEIVING MESSAGE: {'content': {},
 'header': {'msg_id': 'e8df3160-753f-4be8-866b-7676aba1135d', 'sender_id': '18c2fca1-cff9-4c68-b8fb-c18a81e04782', 'msg_type': 'register_Interactor', 'time': 1384276354.801633}}
[AdaptiveServer] SENDING MESSAGE: {'content': {}, 'header': {'msg_id': '303b9db9-321d-4c22-9d8c-7283c3634ccd', 'sender_id': 'a0b8cc36-ba1f-404c-823b-e04bf55608f7', 'msg_type': 'acknowledge_receipt', 'time': 1384276356.33723}}
[AdaptiveServer] RECEIVING MESSAGE: {'content': {'value': 0.0},
 'header': {'msg_id': '9f1dc9af-9762-44b4-b170-42d4a67258f0', 'sender_id': '18c2fca1-cff9-4c68-b8fb-c18a81e04782', 'msg_type': 'set_beta', 'time': 1384276356.34779}}
[AdaptiveServer] [CentroidSampler] New sampling weights set!
[AdaptiveServer] [CountsSampler] Beta=0.0. Setting multinomial weights, [  5.63697844e-12   1.12739569e-03   1.12739568e-11 ...,   2.81848923e-12
   1.12739568e-11   1.12739569e-03]
[AdaptiveServer] SENDING MESSAGE: {'content': {'status': 'success'}, 'header': {'msg_id': 'de3bf555-a671-4897-8507-50bae94ef26e', 'sender_id': 'a0b8cc36-ba1f-404c-823b-e04bf55608f7', 'msg_type': 'set_beta', 'time': 1384276356.350597}}
[AdaptiveServer] RECEIVING MESSAGE: {'content': {},
 'header': {'msg_id': '050c5d70-123f-4036-8a03-133f9a8fcb4b', 'sender_id': '9c932e6e-9a28-481e-a70e-8d8d6a90bcdc', 'msg_type': 'register_TMatSimulator', 'time': 1384276359.065234}}
[AdaptiveServer] ERROR | ../../Gens.h5
[AdaptiveServer] Sampling from a multinimial. I choose traj="/home/harrigan/projects/toy-movie-local.old/tmat/ll/ll-1000/trajs/929926a5-4867-4810-8461-93ab06462a4f.h5", frame=80
[AdaptiveServer] SENDING MESSAGE: {'content': {'starting_state': {'path': '/home/harrigan/projects/toy-movie-local.old/tmat/ll/ll-1000/starting_states/9c932e6e-9a28-481e-a70e-8d8d6a90bcdc.xml', 'protocol': 'localfs'}, 'output': {'path': '/home/harrigan/projects/toy-movie-local.old/tmat/ll/ll-1000/trajs/9c932e6e-9a28-481e-a70e-8d8d6a90bcdc.h5', 'protocol': 'localfs'}, 'topology_pdb': {'path': '../../ntl9_heavy.pdb', 'protocol': 'localfs'}}, 'header': {'msg_id': 'a64197b0-1636-4cfb-b516-c838f82e0a79', 'sender_id': 'a0b8cc36-ba1f-404c-823b-e04bf55608f7', 'msg_type': 'simulate', 'time': 1384276362.166931}}
[AdaptiveServer] RECEIVING MESSAGE: {'content': {'status': 'success', 'starting_state': {'path': '/home/harrigan/projects/toy-movie-local.old/tmat/ll/ll-1000/starting_states/9c932e6e-9a28-481e-a70e-8d8d6a90bcdc.xml', 'protocol': 'localfs'}, 'output': {'path': '/home/harrigan/projects/toy-movie-local.old/tmat/ll/ll-1000/trajs/9c932e6e-9a28-481e-a70e-8d8d6a90bcdc.h5', 'protocol': 'localfs'}},
 'header': {'msg_id': 'a17f07b6-2107-4417-8830-6e6c8554eaf6', 'sender_id': '9c932e6e-9a28-481e-a70e-8d8d6a90bcdc', 'msg_type': 'simulation_done', 'time': 1384276362.430194}}
[AdaptiveServer] SENDING MESSAGE: {'content': {}, 'header': {'msg_id': '1af665b1-8bd6-4670-8114-d93173523211', 'sender_id': 'a0b8cc36-ba1f-404c-823b-e04bf55608f7', 'msg_type': 'acknowledge_receipt', 'time': 1384276362.440924}}
[AdaptiveServer] RECEIVING MESSAGE: {'content': {},
 'header': {'msg_id': '08037d1a-119a-4b33-ae75-a0015b5c0db6', 'sender_id': 'c7055f14-fbb4-4569-b03b-ce775b1b7204', 'msg_type': 'register_TMatSimulator', 'time': 1384276369.153365}}
[AdaptiveServer] ERROR | ../../Gens.h5
[AdaptiveServer] Sampling from a multinimial. I choose traj="/home/harrigan/projects/toy-movie-local.old/tmat/ll/ll-1000/trajs/55205315-7e52-4e9c-b41c-ae2002e3ee85.h5", frame=80
[AdaptiveServer] SENDING MESSAGE: {'content': {'starting_state': {'path': '/home/harrigan/projects/toy-movie-local.old/tmat/ll/ll-1000/starting_states/c7055f14-fbb4-4569-b03b-ce775b1b7204.xml', 'protocol': 'localfs'}, 'output': {'path': '/home/harrigan/projects/toy-movie-local.old/tmat/ll/ll-1000/trajs/c7055f14-fbb4-4569-b03b-ce775b1b7204.h5', 'protocol': 'localfs'}, 'topology_pdb': {'path': '../../ntl9_heavy.pdb', 'protocol': 'localfs'}}, 'header': {'msg_id': 'b2c5668f-6923-45c7-837a-89fdc28bc751', 'sender_id': 'a0b8cc36-ba1f-404c-823b-e04bf55608f7', 'msg_type': 'simulate', 'time': 1384276371.561081}}
[AdaptiveServer] RECEIVING MESSAGE: {'content': {'status': 'success', 'starting_state': {'path': '/home/harrigan/projects/toy-movie-local.old/tmat/ll/ll-1000/starting_states/c7055f14-fbb4-4569-b03b-ce775b1b7204.xml', 'protocol': 'localfs'}, 'output': {'path': '/home/harrigan/projects/toy-movie-local.old/tmat/ll/ll-1000/trajs/c7055f14-fbb4-4569-b03b-ce775b1b7204.h5', 'protocol': 'localfs'}},
 'header': {'msg_id': '730c6f8b-04a4-4087-a969-87e955e1799d', 'sender_id': 'c7055f14-fbb4-4569-b03b-ce775b1b7204', 'msg_type': 'simulation_done', 'time': 1384276371.621466}}
[AdaptiveServer] SENDING MESSAGE: {'content': {}, 'header': {'msg_id': '9e79aa5d-0530-4a84-94c5-001760dc5316', 'sender_id': 'a0b8cc36-ba1f-404c-823b-e04bf55608f7', 'msg_type': 'acknowledge_receipt', 'time': 1384276371.624384}}
[AdaptiveServer] RECEIVING MESSAGE: {'content': {},
 'header': {'msg_id': 'e009873e-72bc-4bc5-a637-6ef3338b73e2', 'sender_id': '04dc79a4-c13e-45cb-9ddb-534cd9afe860', 'msg_type': 'register_TMatSimulator', 'time': 1384276379.7495}}
[AdaptiveServer] ERROR | ../../Gens.h5
[AdaptiveServer] Sampling from a multinimial. I choose traj="/home/harrigan/projects/toy-movie-local.old/tmat/ll/ll-1000/trajs/40537255-cebe-43c1-ae6f-12083a561eff.h5", frame=80
[AdaptiveServer] SENDING MESSAGE: {'content': {'starting_state': {'path': '/home/harrigan/projects/toy-movie-local.old/tmat/ll/ll-1000/starting_states/04dc79a4-c13e-45cb-9ddb-534cd9afe860.xml', 'protocol': 'localfs'}, 'output': {'path': '/home/harrigan/projects/toy-movie-local.old/tmat/ll/ll-1000/trajs/04dc79a4-c13e-45cb-9ddb-534cd9afe860.h5', 'protocol': 'localfs'}, 'topology_pdb': {'path': '../../ntl9_heavy.pdb', 'protocol': 'localfs'}}, 'header': {'msg_id': 'cbacc82e-f622-4c34-841a-e50f083f36c1', 'sender_id': 'a0b8cc36-ba1f-404c-823b-e04bf55608f7', 'msg_type': 'simulate', 'time': 1384276381.015886}}
[AdaptiveServer] RECEIVING MESSAGE: {'content': {'status': 'success', 'starting_state': {'path': '/home/harrigan/projects/toy-movie-local.old/tmat/ll/ll-1000/starting_states/04dc79a4-c13e-45cb-9ddb-534cd9afe860.xml', 'protocol': 'localfs'}, 'output': {'path': '/home/harrigan/projects/toy-movie-local.old/tmat/ll/ll-1000/trajs/04dc79a4-c13e-45cb-9ddb-534cd9afe860.h5', 'protocol': 'localfs'}},
 'header': {'msg_id': '11898282-baa8-446b-ae5d-a265d4f2bea7', 'sender_id': '04dc79a4-c13e-45cb-9ddb-534cd9afe860', 'msg_type': 'simulation_done', 'time': 1384276381.505891}}
[AdaptiveServer] SENDING MESSAGE: {'content': {}, 'header': {'msg_id': 'b7474026-572d-4df9-9e63-20ad7d45279e', 'sender_id': 'a0b8cc36-ba1f-404c-823b-e04bf55608f7', 'msg_type': 'acknowledge_receipt', 'time': 1384276381.508793}}
[AdaptiveServer] RECEIVING MESSAGE: {'content': {},
 'header': {'msg_id': '1eb8d73f-8a28-489c-8878-186d620d08cc', 'sender_id': 'd2bf78f9-ad06-4b94-af6a-c3a7b317c90a', 'msg_type': 'register_TMatSimulator', 'time': 1384276389.467297}}
[AdaptiveServer] ERROR | ../../Gens.h5
[AdaptiveServer] Sampling from a multinimial. I choose traj="/home/harrigan/projects/toy-movie-local.old/tmat/ll/ll-1000/trajs/80642dfb-42ab-4060-babf-2ca91ed827e8.h5", frame=70
[AdaptiveServer] SENDING MESSAGE: {'content': {'starting_state': {'path': '/home/harrigan/projects/toy-movie-local.old/tmat/ll/ll-1000/starting_states/d2bf78f9-ad06-4b94-af6a-c3a7b317c90a.xml', 'protocol': 'localfs'}, 'output': {'path': '/home/harrigan/projects/toy-movie-local.old/tmat/ll/ll-1000/trajs/d2bf78f9-ad06-4b94-af6a-c3a7b317c90a.h5', 'protocol': 'localfs'}, 'topology_pdb': {'path': '../../ntl9_heavy.pdb', 'protocol': 'localfs'}}, 'header': {'msg_id': 'f2299e30-afbf-46f6-9258-e80e3bc4f99c', 'sender_id': 'a0b8cc36-ba1f-404c-823b-e04bf55608f7', 'msg_type': 'simulate', 'time': 1384276390.365593}}
[AdaptiveServer] RECEIVING MESSAGE: {'content': {'status': 'success', 'starting_state': {'path': '/home/harrigan/projects/toy-movie-local.old/tmat/ll/ll-1000/starting_states/d2bf78f9-ad06-4b94-af6a-c3a7b317c90a.xml', 'protocol': 'localfs'}, 'output': {'path': '/home/harrigan/projects/toy-movie-local.old/tmat/ll/ll-1000/trajs/d2bf78f9-ad06-4b94-af6a-c3a7b317c90a.h5', 'protocol': 'localfs'}},
 'header': {'msg_id': 'f7db906f-b1a9-4285-98b5-fbf2b67e22c3', 'sender_id': 'd2bf78f9-ad06-4b94-af6a-c3a7b317c90a', 'msg_type': 'simulation_done', 'time': 1384276390.410018}}
[AdaptiveServer] SENDING MESSAGE: {'content': {}, 'header': {'msg_id': '09782e69-af99-4dcc-aab1-cef34c59c1ae', 'sender_id': 'a0b8cc36-ba1f-404c-823b-e04bf55608f7', 'msg_type': 'acknowledge_receipt', 'time': 1384276390.413023}}
[AdaptiveServer] RECEIVING MESSAGE: {'content': {},
 'header': {'msg_id': '53ee5982-d66f-418e-8d2e-96fc1fcb6a92', 'sender_id': '5c8f3549-4474-4603-b744-7be49b2254f3', 'msg_type': 'register_TMatSimulator', 'time': 1384276399.014732}}
[AdaptiveServer] ERROR | ../../Gens.h5
[AdaptiveServer] Sampling from a multinimial. I choose traj="/home/harrigan/projects/toy-movie-local.old/tmat/ll/ll-1000/trajs/a16cb647-6b6f-4965-a916-9782be32dc1e.h5", frame=90
[AdaptiveServer] SENDING MESSAGE: {'content': {'starting_state': {'path': '/home/harrigan/projects/toy-movie-local.old/tmat/ll/ll-1000/starting_states/5c8f3549-4474-4603-b744-7be49b2254f3.xml', 'protocol': 'localfs'}, 'output': {'path': '/home/harrigan/projects/toy-movie-local.old/tmat/ll/ll-1000/trajs/5c8f3549-4474-4603-b744-7be49b2254f3.h5', 'protocol': 'localfs'}, 'topology_pdb': {'path': '../../ntl9_heavy.pdb', 'protocol': 'localfs'}}, 'header': {'msg_id': 'e4ff2446-f7a6-4ce6-a20b-b8bf71e416b1', 'sender_id': 'a0b8cc36-ba1f-404c-823b-e04bf55608f7', 'msg_type': 'simulate', 'time': 1384276399.06861}}
[AdaptiveServer] RECEIVING MESSAGE: {'content': {'status': 'success', 'starting_state': {'path': '/home/harrigan/projects/toy-movie-local.old/tmat/ll/ll-1000/starting_states/5c8f3549-4474-4603-b744-7be49b2254f3.xml', 'protocol': 'localfs'}, 'output': {'path': '/home/harrigan/projects/toy-movie-local.old/tmat/ll/ll-1000/trajs/5c8f3549-4474-4603-b744-7be49b2254f3.h5', 'protocol': 'localfs'}},
 'header': {'msg_id': 'ea1960ec-99b9-44c1-95f2-b2f545e1f008', 'sender_id': '5c8f3549-4474-4603-b744-7be49b2254f3', 'msg_type': 'simulation_done', 'time': 1384276399.11164}}
[AdaptiveServer] SENDING MESSAGE: {'content': {}, 'header': {'msg_id': '01b7f27a-8320-4f0f-b1ca-6e159eb83ab1', 'sender_id': 'a0b8cc36-ba1f-404c-823b-e04bf55608f7', 'msg_type': 'acknowledge_receipt', 'time': 1384276399.114784}}
[AdaptiveServer] RECEIVING MESSAGE: {'content': {},
 'header': {'msg_id': 'f878d95a-cca5-4341-9049-594965a84d74', 'sender_id': '5a03467d-ec68-4eca-a3f0-562a3c9c1472', 'msg_type': 'register_TMatSimulator', 'time': 1384276409.031113}}
[AdaptiveServer] ERROR | ../../Gens.h5
[AdaptiveServer] Sampling from a multinimial. I choose traj="/home/harrigan/projects/toy-movie-local.old/tmat/ll/ll-1000/trajs/0144c914-8474-46da-9c07-3c0689254ea9.h5", frame=50
[AdaptiveServer] SENDING MESSAGE: {'content': {'starting_state': {'path': '/home/harrigan/projects/toy-movie-local.old/tmat/ll/ll-1000/starting_states/5a03467d-ec68-4eca-a3f0-562a3c9c1472.xml', 'protocol': 'localfs'}, 'output': {'path': '/home/harrigan/projects/toy-movie-local.old/tmat/ll/ll-1000/trajs/5a03467d-ec68-4eca-a3f0-562a3c9c1472.h5', 'protocol': 'localfs'}, 'topology_pdb': {'path': '../../ntl9_heavy.pdb', 'protocol': 'localfs'}}, 'header': {'msg_id': 'c4255c86-1a5e-4923-9743-2474f25b48ee', 'sender_id': 'a0b8cc36-ba1f-404c-823b-e04bf55608f7', 'msg_type': 'simulate', 'time': 1384276409.098557}}
[AdaptiveServer] RECEIVING MESSAGE: {'content': {'status': 'success', 'starting_state': {'path': '/home/harrigan/projects/toy-movie-local.old/tmat/ll/ll-1000/starting_states/5a03467d-ec68-4eca-a3f0-562a3c9c1472.xml', 'protocol': 'localfs'}, 'output': {'path': '/home/harrigan/projects/toy-movie-local.old/tmat/ll/ll-1000/trajs/5a03467d-ec68-4eca-a3f0-562a3c9c1472.h5', 'protocol': 'localfs'}},
 'header': {'msg_id': '4fe4b1f5-c8d4-4415-8765-f40ea744c28b', 'sender_id': '5a03467d-ec68-4eca-a3f0-562a3c9c1472', 'msg_type': 'simulation_done', 'time': 1384276409.133897}}
[AdaptiveServer] SENDING MESSAGE: {'content': {}, 'header': {'msg_id': '409a742b-ecdf-4927-a42c-3e7229bbc7f7', 'sender_id': 'a0b8cc36-ba1f-404c-823b-e04bf55608f7', 'msg_type': 'acknowledge_receipt', 'time': 1384276409.137594}}
[AdaptiveServer] RECEIVING MESSAGE: {'content': {},
 'header': {'msg_id': 'b778b21e-8b5b-4c96-aa33-bb50180bb49e', 'sender_id': '10c9308f-f2c8-4f6e-8622-f8f3cdaf49da', 'msg_type': 'register_TMatSimulator', 'time': 1384276419.010373}}
[AdaptiveServer] ERROR | ../../Gens.h5
[AdaptiveServer] Sampling from a multinimial. I choose traj="/home/harrigan/projects/toy-movie-local.old/tmat/ll/ll-1000/trajs/15016ae2-34a0-4080-8795-e4f69f0c9e30.h5", frame=90
[AdaptiveServer] SENDING MESSAGE: {'content': {'starting_state': {'path': '/home/harrigan/projects/toy-movie-local.old/tmat/ll/ll-1000/starting_states/10c9308f-f2c8-4f6e-8622-f8f3cdaf49da.xml', 'protocol': 'localfs'}, 'output': {'path': '/home/harrigan/projects/toy-movie-local.old/tmat/ll/ll-1000/trajs/10c9308f-f2c8-4f6e-8622-f8f3cdaf49da.h5', 'protocol': 'localfs'}, 'topology_pdb': {'path': '../../ntl9_heavy.pdb', 'protocol': 'localfs'}}, 'header': {'msg_id': '3f7db2b0-8194-406d-ba7a-10f83e2fe060', 'sender_id': 'a0b8cc36-ba1f-404c-823b-e04bf55608f7', 'msg_type': 'simulate', 'time': 1384276419.082939}}
[AdaptiveServer] RECEIVING MESSAGE: {'content': {'status': 'success', 'starting_state': {'path': '/home/harrigan/projects/toy-movie-local.old/tmat/ll/ll-1000/starting_states/10c9308f-f2c8-4f6e-8622-f8f3cdaf49da.xml', 'protocol': 'localfs'}, 'output': {'path': '/home/harrigan/projects/toy-movie-local.old/tmat/ll/ll-1000/trajs/10c9308f-f2c8-4f6e-8622-f8f3cdaf49da.h5', 'protocol': 'localfs'}},
 'header': {'msg_id': 'bf31aa63-2360-473a-984f-89a9903828c7', 'sender_id': '10c9308f-f2c8-4f6e-8622-f8f3cdaf49da', 'msg_type': 'simulation_done', 'time': 1384276419.124082}}
[AdaptiveServer] SENDING MESSAGE: {'content': {}, 'header': {'msg_id': '106ad150-508b-47d4-86c7-0990f7ff520e', 'sender_id': 'a0b8cc36-ba1f-404c-823b-e04bf55608f7', 'msg_type': 'acknowledge_receipt', 'time': 1384276419.132606}}
[AdaptiveServer] RECEIVING MESSAGE: {'content': {},
 'header': {'msg_id': '9185691b-9cc5-4710-addd-271a7f5fce32', 'sender_id': 'db2c8b7c-37ba-4b5f-a40a-df668499dfae', 'msg_type': 'register_TMatSimulator', 'time': 1384276429.033215}}
[AdaptiveServer] ERROR | ../../Gens.h5
[AdaptiveServer] Sampling from a multinimial. I choose traj="/home/harrigan/projects/toy-movie-local.old/tmat/ll/ll-1000/trajs/9fa25836-2406-43f7-93ea-524be4124800.h5", frame=80
[AdaptiveServer] SENDING MESSAGE: {'content': {'starting_state': {'path': '/home/harrigan/projects/toy-movie-local.old/tmat/ll/ll-1000/starting_states/db2c8b7c-37ba-4b5f-a40a-df668499dfae.xml', 'protocol': 'localfs'}, 'output': {'path': '/home/harrigan/projects/toy-movie-local.old/tmat/ll/ll-1000/trajs/db2c8b7c-37ba-4b5f-a40a-df668499dfae.h5', 'protocol': 'localfs'}, 'topology_pdb': {'path': '../../ntl9_heavy.pdb', 'protocol': 'localfs'}}, 'header': {'msg_id': 'ad52703d-deed-473c-9a6a-bbf8d097e237', 'sender_id': 'a0b8cc36-ba1f-404c-823b-e04bf55608f7', 'msg_type': 'simulate', 'time': 1384276429.101772}}
[AdaptiveServer] RECEIVING MESSAGE: {'content': {'status': 'success', 'starting_state': {'path': '/home/harrigan/projects/toy-movie-local.old/tmat/ll/ll-1000/starting_states/db2c8b7c-37ba-4b5f-a40a-df668499dfae.xml', 'protocol': 'localfs'}, 'output': {'path': '/home/harrigan/projects/toy-movie-local.old/tmat/ll/ll-1000/trajs/db2c8b7c-37ba-4b5f-a40a-df668499dfae.h5', 'protocol': 'localfs'}},
 'header': {'msg_id': 'ba5a035e-f189-48df-8c3c-a2fc9c64a786', 'sender_id': 'db2c8b7c-37ba-4b5f-a40a-df668499dfae', 'msg_type': 'simulation_done', 'time': 1384276429.138597}}
[AdaptiveServer] SENDING MESSAGE: {'content': {}, 'header': {'msg_id': '76c713fa-13af-4242-b691-1fd972549a4e', 'sender_id': 'a0b8cc36-ba1f-404c-823b-e04bf55608f7', 'msg_type': 'acknowledge_receipt', 'time': 1384276429.150502}}
[AdaptiveServer] RECEIVING MESSAGE: {'content': {},
 'header': {'msg_id': '6f775733-6043-4f61-abd9-b161c48db2fc', 'sender_id': 'ddf5e794-f418-4895-adf0-c7b92c8f2427', 'msg_type': 'register_TMatSimulator', 'time': 1384276439.035955}}
[AdaptiveServer] ERROR | ../../Gens.h5
[AdaptiveServer] Sampling from a multinimial. I choose traj="/home/harrigan/projects/toy-movie-local.old/tmat/ll/ll-1000/trajs/ea8ae994-200f-4ab7-aac2-40122e7f5840.h5", frame=60
[AdaptiveServer] SENDING MESSAGE: {'content': {'starting_state': {'path': '/home/harrigan/projects/toy-movie-local.old/tmat/ll/ll-1000/starting_states/ddf5e794-f418-4895-adf0-c7b92c8f2427.xml', 'protocol': 'localfs'}, 'output': {'path': '/home/harrigan/projects/toy-movie-local.old/tmat/ll/ll-1000/trajs/ddf5e794-f418-4895-adf0-c7b92c8f2427.h5', 'protocol': 'localfs'}, 'topology_pdb': {'path': '../../ntl9_heavy.pdb', 'protocol': 'localfs'}}, 'header': {'msg_id': '99cdbdb9-32ca-4507-add2-256df8f7f235', 'sender_id': 'a0b8cc36-ba1f-404c-823b-e04bf55608f7', 'msg_type': 'simulate', 'time': 1384276439.086812}}
[AdaptiveServer] RECEIVING MESSAGE: {'content': {'status': 'success', 'starting_state': {'path': '/home/harrigan/projects/toy-movie-local.old/tmat/ll/ll-1000/starting_states/ddf5e794-f418-4895-adf0-c7b92c8f2427.xml', 'protocol': 'localfs'}, 'output': {'path': '/home/harrigan/projects/toy-movie-local.old/tmat/ll/ll-1000/trajs/ddf5e794-f418-4895-adf0-c7b92c8f2427.h5', 'protocol': 'localfs'}},
 'header': {'msg_id': '24b732eb-2c3f-4ab2-b4a7-2b6e47d6966a', 'sender_id': 'ddf5e794-f418-4895-adf0-c7b92c8f2427', 'msg_type': 'simulation_done', 'time': 1384276439.129848}}
[AdaptiveServer] SENDING MESSAGE: {'content': {}, 'header': {'msg_id': '4ec3fe8d-b8eb-4b81-8237-123affa057a9', 'sender_id': 'a0b8cc36-ba1f-404c-823b-e04bf55608f7', 'msg_type': 'acknowledge_receipt', 'time': 1384276439.137223}}
[AdaptiveServer] RECEIVING MESSAGE: {'content': {},
 'header': {'msg_id': 'f90e032b-80db-4632-bc62-730e7e5ff8d9', 'sender_id': '0515136c-f1da-43e4-abb6-dd05fa4709b6', 'msg_type': 'register_TMatSimulator', 'time': 1384276449.033528}}
[AdaptiveServer] ERROR | ../../Gens.h5
[AdaptiveServer] Sampling from a multinimial. I choose traj="/home/harrigan/projects/toy-movie-local.old/tmat/ll/ll-1000/trajs/b2d97767-79a9-4a9c-b91d-147bc59f5aae.h5", frame=80
[AdaptiveServer] SENDING MESSAGE: {'content': {'starting_state': {'path': '/home/harrigan/projects/toy-movie-local.old/tmat/ll/ll-1000/starting_states/0515136c-f1da-43e4-abb6-dd05fa4709b6.xml', 'protocol': 'localfs'}, 'output': {'path': '/home/harrigan/projects/toy-movie-local.old/tmat/ll/ll-1000/trajs/0515136c-f1da-43e4-abb6-dd05fa4709b6.h5', 'protocol': 'localfs'}, 'topology_pdb': {'path': '../../ntl9_heavy.pdb', 'protocol': 'localfs'}}, 'header': {'msg_id': 'f95bf0cf-cd9b-469d-ba59-57ff9278d138', 'sender_id': 'a0b8cc36-ba1f-404c-823b-e04bf55608f7', 'msg_type': 'simulate', 'time': 1384276449.084706}}
[AdaptiveServer] RECEIVING MESSAGE: {'content': {'status': 'success', 'starting_state': {'path': '/home/harrigan/projects/toy-movie-local.old/tmat/ll/ll-1000/starting_states/0515136c-f1da-43e4-abb6-dd05fa4709b6.xml', 'protocol': 'localfs'}, 'output': {'path': '/home/harrigan/projects/toy-movie-local.old/tmat/ll/ll-1000/trajs/0515136c-f1da-43e4-abb6-dd05fa4709b6.h5', 'protocol': 'localfs'}},
 'header': {'msg_id': '532dd9ca-9b68-4916-9db8-60e1959967a3', 'sender_id': '0515136c-f1da-43e4-abb6-dd05fa4709b6', 'msg_type': 'simulation_done', 'time': 1384276449.118806}}
[AdaptiveServer] SENDING MESSAGE: {'content': {}, 'header': {'msg_id': '8086ebfd-f61d-4801-918a-026773612b6a', 'sender_id': 'a0b8cc36-ba1f-404c-823b-e04bf55608f7', 'msg_type': 'acknowledge_receipt', 'time': 1384276449.129676}}
[AdaptiveServer] RECEIVING MESSAGE: {'content': {},
 'header': {'msg_id': 'c7875533-0265-4bf5-9d4f-ce3ec00382ce', 'sender_id': '45dcfe32-b63b-423e-ad53-b0213573b562', 'msg_type': 'register_TMatSimulator', 'time': 1384276459.067044}}
[AdaptiveServer] ERROR | ../../Gens.h5
[AdaptiveServer] Sampling from a multinimial. I choose traj="/home/harrigan/projects/toy-movie-local.old/tmat/ll/ll-1000/trajs/ceacc08b-41a6-4b3f-8eea-53584947b49a.h5", frame=70
[AdaptiveServer] SENDING MESSAGE: {'content': {'starting_state': {'path': '/home/harrigan/projects/toy-movie-local.old/tmat/ll/ll-1000/starting_states/45dcfe32-b63b-423e-ad53-b0213573b562.xml', 'protocol': 'localfs'}, 'output': {'path': '/home/harrigan/projects/toy-movie-local.old/tmat/ll/ll-1000/trajs/45dcfe32-b63b-423e-ad53-b0213573b562.h5', 'protocol': 'localfs'}, 'topology_pdb': {'path': '../../ntl9_heavy.pdb', 'protocol': 'localfs'}}, 'header': {'msg_id': 'ed7008c2-240b-4540-aaf6-d4b7d061659e', 'sender_id': 'a0b8cc36-ba1f-404c-823b-e04bf55608f7', 'msg_type': 'simulate', 'time': 1384276459.127507}}
[AdaptiveServer] RECEIVING MESSAGE: {'content': {'status': 'success', 'starting_state': {'path': '/home/harrigan/projects/toy-movie-local.old/tmat/ll/ll-1000/starting_states/45dcfe32-b63b-423e-ad53-b0213573b562.xml', 'protocol': 'localfs'}, 'output': {'path': '/home/harrigan/projects/toy-movie-local.old/tmat/ll/ll-1000/trajs/45dcfe32-b63b-423e-ad53-b0213573b562.h5', 'protocol': 'localfs'}},
 'header': {'msg_id': '863687fa-c003-4fa4-88de-44fc7d813a7b', 'sender_id': '45dcfe32-b63b-423e-ad53-b0213573b562', 'msg_type': 'simulation_done', 'time': 1384276459.159967}}
[AdaptiveServer] SENDING MESSAGE: {'content': {}, 'header': {'msg_id': '3b7d3283-26cb-4927-9b6a-ec1dcfe1a3ee', 'sender_id': 'a0b8cc36-ba1f-404c-823b-e04bf55608f7', 'msg_type': 'acknowledge_receipt', 'time': 1384276459.163286}}
[AdaptiveServer] RECEIVING MESSAGE: {'content': {},
 'header': {'msg_id': 'd73db876-c515-4b2a-8ffe-f567baf34b18', 'sender_id': '85ced2e4-5874-46e8-ac7e-2534453aa21a', 'msg_type': 'register_TMatSimulator', 'time': 1384276469.047602}}
[AdaptiveServer] ERROR | ../../Gens.h5
[AdaptiveServer] Sampling from a multinimial. I choose traj="/home/harrigan/projects/toy-movie-local.old/tmat/ll/ll-1000/trajs/7414d332-b7e0-4e3f-9052-bf8c3321b3bf.h5", frame=60
[AdaptiveServer] SENDING MESSAGE: {'content': {'starting_state': {'path': '/home/harrigan/projects/toy-movie-local.old/tmat/ll/ll-1000/starting_states/85ced2e4-5874-46e8-ac7e-2534453aa21a.xml', 'protocol': 'localfs'}, 'output': {'path': '/home/harrigan/projects/toy-movie-local.old/tmat/ll/ll-1000/trajs/85ced2e4-5874-46e8-ac7e-2534453aa21a.h5', 'protocol': 'localfs'}, 'topology_pdb': {'path': '../../ntl9_heavy.pdb', 'protocol': 'localfs'}}, 'header': {'msg_id': 'd2c6c966-df8f-4012-beb0-e3b7747e3c45', 'sender_id': 'a0b8cc36-ba1f-404c-823b-e04bf55608f7', 'msg_type': 'simulate', 'time': 1384276469.098133}}
[AdaptiveServer] RECEIVING MESSAGE: {'content': {'status': 'success', 'starting_state': {'path': '/home/harrigan/projects/toy-movie-local.old/tmat/ll/ll-1000/starting_states/85ced2e4-5874-46e8-ac7e-2534453aa21a.xml', 'protocol': 'localfs'}, 'output': {'path': '/home/harrigan/projects/toy-movie-local.old/tmat/ll/ll-1000/trajs/85ced2e4-5874-46e8-ac7e-2534453aa21a.h5', 'protocol': 'localfs'}},
 'header': {'msg_id': '3f43ec0d-b1b0-44af-a040-0f5aad0fa005', 'sender_id': '85ced2e4-5874-46e8-ac7e-2534453aa21a', 'msg_type': 'simulation_done', 'time': 1384276469.130563}}
[AdaptiveServer] SENDING MESSAGE: {'content': {}, 'header': {'msg_id': '794e0a74-bff0-4284-aa56-661ae227716a', 'sender_id': 'a0b8cc36-ba1f-404c-823b-e04bf55608f7', 'msg_type': 'acknowledge_receipt', 'time': 1384276469.133872}}
[AdaptiveServer] RECEIVING MESSAGE: {'content': {},
 'header': {'msg_id': '079b4e18-bc25-48bf-9e71-574945b4542e', 'sender_id': '3091c6ba-761f-41f5-878f-dd3b62dfe10a', 'msg_type': 'register_TMatSimulator', 'time': 1384276479.022037}}
[AdaptiveServer] ERROR | ../../Gens.h5
[AdaptiveServer] Sampling from a multinimial. I choose traj="/home/harrigan/projects/toy-movie-local.old/tmat/ll/ll-1000/trajs/a6a9ae0c-49b8-441a-836a-7531877d147b.h5", frame=60
[AdaptiveServer] SENDING MESSAGE: {'content': {'starting_state': {'path': '/home/harrigan/projects/toy-movie-local.old/tmat/ll/ll-1000/starting_states/3091c6ba-761f-41f5-878f-dd3b62dfe10a.xml', 'protocol': 'localfs'}, 'output': {'path': '/home/harrigan/projects/toy-movie-local.old/tmat/ll/ll-1000/trajs/3091c6ba-761f-41f5-878f-dd3b62dfe10a.h5', 'protocol': 'localfs'}, 'topology_pdb': {'path': '../../ntl9_heavy.pdb', 'protocol': 'localfs'}}, 'header': {'msg_id': '003ffa70-9f9b-4970-a0ce-3aeda740ec98', 'sender_id': 'a0b8cc36-ba1f-404c-823b-e04bf55608f7', 'msg_type': 'simulate', 'time': 1384276479.076695}}
[AdaptiveServer] RECEIVING MESSAGE: {'content': {'status': 'success', 'starting_state': {'path': '/home/harrigan/projects/toy-movie-local.old/tmat/ll/ll-1000/starting_states/3091c6ba-761f-41f5-878f-dd3b62dfe10a.xml', 'protocol': 'localfs'}, 'output': {'path': '/home/harrigan/projects/toy-movie-local.old/tmat/ll/ll-1000/trajs/3091c6ba-761f-41f5-878f-dd3b62dfe10a.h5', 'protocol': 'localfs'}},
 'header': {'msg_id': '55a167fb-4d0e-45a0-9708-c790f2800c04', 'sender_id': '3091c6ba-761f-41f5-878f-dd3b62dfe10a', 'msg_type': 'simulation_done', 'time': 1384276479.11836}}
[AdaptiveServer] SENDING MESSAGE: {'content': {}, 'header': {'msg_id': 'eae6869f-17af-4029-906e-cc73c1564f4c', 'sender_id': 'a0b8cc36-ba1f-404c-823b-e04bf55608f7', 'msg_type': 'acknowledge_receipt', 'time': 1384276479.121691}}
[AdaptiveServer] RECEIVING MESSAGE: {'content': {},
 'header': {'msg_id': 'ced9c4c5-626c-4f4e-a607-5398b04e77a2', 'sender_id': '36310fe0-0850-41c3-91e2-2110f53d1456', 'msg_type': 'register_TMatSimulator', 'time': 1384276489.061763}}
[AdaptiveServer] ERROR | ../../Gens.h5
[AdaptiveServer] Sampling from a multinimial. I choose traj="/home/harrigan/projects/toy-movie-local.old/tmat/ll/ll-1000/trajs/9fc6559f-ae00-4840-89ea-c2a729ce7109.h5", frame=60
[AdaptiveServer] SENDING MESSAGE: {'content': {'starting_state': {'path': '/home/harrigan/projects/toy-movie-local.old/tmat/ll/ll-1000/starting_states/36310fe0-0850-41c3-91e2-2110f53d1456.xml', 'protocol': 'localfs'}, 'output': {'path': '/home/harrigan/projects/toy-movie-local.old/tmat/ll/ll-1000/trajs/36310fe0-0850-41c3-91e2-2110f53d1456.h5', 'protocol': 'localfs'}, 'topology_pdb': {'path': '../../ntl9_heavy.pdb', 'protocol': 'localfs'}}, 'header': {'msg_id': '52ed43e6-fcf9-4a4b-8d00-5fb93a1b20ad', 'sender_id': 'a0b8cc36-ba1f-404c-823b-e04bf55608f7', 'msg_type': 'simulate', 'time': 1384276489.103838}}
[AdaptiveServer] RECEIVING MESSAGE: {'content': {'status': 'success', 'starting_state': {'path': '/home/harrigan/projects/toy-movie-local.old/tmat/ll/ll-1000/starting_states/36310fe0-0850-41c3-91e2-2110f53d1456.xml', 'protocol': 'localfs'}, 'output': {'path': '/home/harrigan/projects/toy-movie-local.old/tmat/ll/ll-1000/trajs/36310fe0-0850-41c3-91e2-2110f53d1456.h5', 'protocol': 'localfs'}},
 'header': {'msg_id': '077802dd-7bc0-4a87-bc4e-4bb31df4aa13', 'sender_id': '36310fe0-0850-41c3-91e2-2110f53d1456', 'msg_type': 'simulation_done', 'time': 1384276489.135709}}
[AdaptiveServer] SENDING MESSAGE: {'content': {}, 'header': {'msg_id': '528ba0c9-3d22-4c4c-93a5-11ff943968b0', 'sender_id': 'a0b8cc36-ba1f-404c-823b-e04bf55608f7', 'msg_type': 'acknowledge_receipt', 'time': 1384276489.138626}}
[AdaptiveServer] RECEIVING MESSAGE: {'content': {},
 'header': {'msg_id': '6575df8c-eae4-4f85-8b57-83e66531d818', 'sender_id': 'c9f9b458-22ac-44a5-9e6b-51af3e8e57fd', 'msg_type': 'register_TMatSimulator', 'time': 1384276499.057865}}
[AdaptiveServer] ERROR | ../../Gens.h5
[AdaptiveServer] Sampling from a multinimial. I choose traj="/home/harrigan/projects/toy-movie-local.old/tmat/ll/ll-1000/trajs/9f7822f9-1c71-4f9d-aa23-5a209089c924.h5", frame=50
[AdaptiveServer] SENDING MESSAGE: {'content': {'starting_state': {'path': '/home/harrigan/projects/toy-movie-local.old/tmat/ll/ll-1000/starting_states/c9f9b458-22ac-44a5-9e6b-51af3e8e57fd.xml', 'protocol': 'localfs'}, 'output': {'path': '/home/harrigan/projects/toy-movie-local.old/tmat/ll/ll-1000/trajs/c9f9b458-22ac-44a5-9e6b-51af3e8e57fd.h5', 'protocol': 'localfs'}, 'topology_pdb': {'path': '../../ntl9_heavy.pdb', 'protocol': 'localfs'}}, 'header': {'msg_id': 'd4243e58-7477-4d58-a101-d863cec4a0c3', 'sender_id': 'a0b8cc36-ba1f-404c-823b-e04bf55608f7', 'msg_type': 'simulate', 'time': 1384276499.102148}}
[AdaptiveServer] RECEIVING MESSAGE: {'content': {'status': 'success', 'starting_state': {'path': '/home/harrigan/projects/toy-movie-local.old/tmat/ll/ll-1000/starting_states/c9f9b458-22ac-44a5-9e6b-51af3e8e57fd.xml', 'protocol': 'localfs'}, 'output': {'path': '/home/harrigan/projects/toy-movie-local.old/tmat/ll/ll-1000/trajs/c9f9b458-22ac-44a5-9e6b-51af3e8e57fd.h5', 'protocol': 'localfs'}},
 'header': {'msg_id': '1cdafa4e-31b5-4742-a1d4-7c3d9239b584', 'sender_id': 'c9f9b458-22ac-44a5-9e6b-51af3e8e57fd', 'msg_type': 'simulation_done', 'time': 1384276499.146878}}
[AdaptiveServer] SENDING MESSAGE: {'content': {}, 'header': {'msg_id': 'cb81cb08-2169-4235-86be-292688b04044', 'sender_id': 'a0b8cc36-ba1f-404c-823b-e04bf55608f7', 'msg_type': 'acknowledge_receipt', 'time': 1384276499.157608}}
[AdaptiveServer] RECEIVING MESSAGE: {'content': {},
 'header': {'msg_id': '4abe1028-0693-4bc7-8469-47390f750cb0', 'sender_id': 'e29569a3-c3ac-4b3b-9595-b6e4d85494e3', 'msg_type': 'register_TMatSimulator', 'time': 1384276509.144715}}
[AdaptiveServer] ERROR | ../../Gens.h5
[AdaptiveServer] Sampling from a multinimial. I choose traj="/home/harrigan/projects/toy-movie-local.old/tmat/ll/ll-1000/trajs/22a068b7-9e5c-485b-8767-bb34c1ad2391.h5", frame=80
[AdaptiveServer] SENDING MESSAGE: {'content': {'starting_state': {'path': '/home/harrigan/projects/toy-movie-local.old/tmat/ll/ll-1000/starting_states/e29569a3-c3ac-4b3b-9595-b6e4d85494e3.xml', 'protocol': 'localfs'}, 'output': {'path': '/home/harrigan/projects/toy-movie-local.old/tmat/ll/ll-1000/trajs/e29569a3-c3ac-4b3b-9595-b6e4d85494e3.h5', 'protocol': 'localfs'}, 'topology_pdb': {'path': '../../ntl9_heavy.pdb', 'protocol': 'localfs'}}, 'header': {'msg_id': 'ca1e666e-c442-451a-bae8-0316db0c5331', 'sender_id': 'a0b8cc36-ba1f-404c-823b-e04bf55608f7', 'msg_type': 'simulate', 'time': 1384276509.439894}}
[AdaptiveServer] RECEIVING MESSAGE: {'content': {'status': 'success', 'starting_state': {'path': '/home/harrigan/projects/toy-movie-local.old/tmat/ll/ll-1000/starting_states/e29569a3-c3ac-4b3b-9595-b6e4d85494e3.xml', 'protocol': 'localfs'}, 'output': {'path': '/home/harrigan/projects/toy-movie-local.old/tmat/ll/ll-1000/trajs/e29569a3-c3ac-4b3b-9595-b6e4d85494e3.h5', 'protocol': 'localfs'}},
 'header': {'msg_id': 'dbc27c0e-ff91-45d8-830f-e2f907d39571', 'sender_id': 'e29569a3-c3ac-4b3b-9595-b6e4d85494e3', 'msg_type': 'simulation_done', 'time': 1384276509.487921}}
[AdaptiveServer] SENDING MESSAGE: {'content': {}, 'header': {'msg_id': 'a9a06878-9684-4138-93a1-ce7f3eb5f52d', 'sender_id': 'a0b8cc36-ba1f-404c-823b-e04bf55608f7', 'msg_type': 'acknowledge_receipt', 'time': 1384276509.497075}}
[AdaptiveServer] RECEIVING MESSAGE: {'content': {},
 'header': {'msg_id': '9833e0ec-87dc-4c94-8b73-a06d15489fb4', 'sender_id': 'fc50177e-23ac-441b-9ef9-20db63131bfb', 'msg_type': 'register_TMatSimulator', 'time': 1384276519.085399}}
[AdaptiveServer] ERROR | ../../Gens.h5
[AdaptiveServer] Sampling from a multinimial. I choose traj="/home/harrigan/projects/toy-movie-local.old/tmat/ll/ll-1000/trajs/c34ca330-0edb-4398-af8b-63a31609124e.h5", frame=90
[AdaptiveServer] SENDING MESSAGE: {'content': {'starting_state': {'path': '/home/harrigan/projects/toy-movie-local.old/tmat/ll/ll-1000/starting_states/fc50177e-23ac-441b-9ef9-20db63131bfb.xml', 'protocol': 'localfs'}, 'output': {'path': '/home/harrigan/projects/toy-movie-local.old/tmat/ll/ll-1000/trajs/fc50177e-23ac-441b-9ef9-20db63131bfb.h5', 'protocol': 'localfs'}, 'topology_pdb': {'path': '../../ntl9_heavy.pdb', 'protocol': 'localfs'}}, 'header': {'msg_id': '35f065a9-8805-478d-be7f-0defdfc1f25e', 'sender_id': 'a0b8cc36-ba1f-404c-823b-e04bf55608f7', 'msg_type': 'simulate', 'time': 1384276519.129627}}
[AdaptiveServer] RECEIVING MESSAGE: {'content': {'status': 'success', 'starting_state': {'path': '/home/harrigan/projects/toy-movie-local.old/tmat/ll/ll-1000/starting_states/fc50177e-23ac-441b-9ef9-20db63131bfb.xml', 'protocol': 'localfs'}, 'output': {'path': '/home/harrigan/projects/toy-movie-local.old/tmat/ll/ll-1000/trajs/fc50177e-23ac-441b-9ef9-20db63131bfb.h5', 'protocol': 'localfs'}},
 'header': {'msg_id': '8996b71a-ff31-4729-ad6f-a6a49fd33fb5', 'sender_id': 'fc50177e-23ac-441b-9ef9-20db63131bfb', 'msg_type': 'simulation_done', 'time': 1384276519.170772}}
[AdaptiveServer] SENDING MESSAGE: {'content': {}, 'header': {'msg_id': '6f99f04b-cc63-440e-b2d9-4a4bb12f7e4d', 'sender_id': 'a0b8cc36-ba1f-404c-823b-e04bf55608f7', 'msg_type': 'acknowledge_receipt', 'time': 1384276519.177163}}
[AdaptiveServer] RECEIVING MESSAGE: {'content': {},
 'header': {'msg_id': 'ca7d6651-70b0-45b4-8306-470d4fb9d173', 'sender_id': '8b4d4f11-3d95-4962-bf5a-822a8e994cdf', 'msg_type': 'register_TMatSimulator', 'time': 1384276529.658381}}
[AdaptiveServer] ERROR | ../../Gens.h5
[AdaptiveServer] Sampling from a multinimial. I choose traj="/home/harrigan/projects/toy-movie-local.old/tmat/ll/ll-1000/trajs/7856980a-0ca5-405a-8219-90cf82a06903.h5", frame=80
[AdaptiveServer] SENDING MESSAGE: {'content': {'starting_state': {'path': '/home/harrigan/projects/toy-movie-local.old/tmat/ll/ll-1000/starting_states/8b4d4f11-3d95-4962-bf5a-822a8e994cdf.xml', 'protocol': 'localfs'}, 'output': {'path': '/home/harrigan/projects/toy-movie-local.old/tmat/ll/ll-1000/trajs/8b4d4f11-3d95-4962-bf5a-822a8e994cdf.h5', 'protocol': 'localfs'}, 'topology_pdb': {'path': '../../ntl9_heavy.pdb', 'protocol': 'localfs'}}, 'header': {'msg_id': '8288855c-c163-42b1-ae11-0dd7c28e2018', 'sender_id': 'a0b8cc36-ba1f-404c-823b-e04bf55608f7', 'msg_type': 'simulate', 'time': 1384276529.713011}}
[AdaptiveServer] RECEIVING MESSAGE: {'content': {'status': 'success', 'starting_state': {'path': '/home/harrigan/projects/toy-movie-local.old/tmat/ll/ll-1000/starting_states/8b4d4f11-3d95-4962-bf5a-822a8e994cdf.xml', 'protocol': 'localfs'}, 'output': {'path': '/home/harrigan/projects/toy-movie-local.old/tmat/ll/ll-1000/trajs/8b4d4f11-3d95-4962-bf5a-822a8e994cdf.h5', 'protocol': 'localfs'}},
 'header': {'msg_id': '887ff768-7b5f-4ea3-9a2a-4b49aae38149', 'sender_id': '8b4d4f11-3d95-4962-bf5a-822a8e994cdf', 'msg_type': 'simulation_done', 'time': 1384276529.748766}}
[AdaptiveServer] SENDING MESSAGE: {'content': {}, 'header': {'msg_id': '4e2b9c16-7cf6-43f8-8b55-5eae3ddf31e8', 'sender_id': 'a0b8cc36-ba1f-404c-823b-e04bf55608f7', 'msg_type': 'acknowledge_receipt', 'time': 1384276529.760851}}
[AdaptiveServer] RECEIVING MESSAGE: {'content': {},
 'header': {'msg_id': '8d276798-0e22-42d2-abf4-4e4bfce7c9d3', 'sender_id': '6e8d6caa-b4a5-4892-b021-b0375eab3bb8', 'msg_type': 'register_TMatSimulator', 'time': 1384276539.106973}}
[AdaptiveServer] ERROR | ../../Gens.h5
[AdaptiveServer] Sampling from a multinimial. I choose traj="/home/harrigan/projects/toy-movie-local.old/tmat/ll/ll-1000/trajs/f76d4ed7-dfe1-45ee-b1f5-d52be39124ec.h5", frame=90
[AdaptiveServer] SENDING MESSAGE: {'content': {'starting_state': {'path': '/home/harrigan/projects/toy-movie-local.old/tmat/ll/ll-1000/starting_states/6e8d6caa-b4a5-4892-b021-b0375eab3bb8.xml', 'protocol': 'localfs'}, 'output': {'path': '/home/harrigan/projects/toy-movie-local.old/tmat/ll/ll-1000/trajs/6e8d6caa-b4a5-4892-b021-b0375eab3bb8.h5', 'protocol': 'localfs'}, 'topology_pdb': {'path': '../../ntl9_heavy.pdb', 'protocol': 'localfs'}}, 'header': {'msg_id': 'c0ea2942-a292-4e74-bdbb-9ff1a12f9f89', 'sender_id': 'a0b8cc36-ba1f-404c-823b-e04bf55608f7', 'msg_type': 'simulate', 'time': 1384276539.150693}}
[AdaptiveServer] RECEIVING MESSAGE: {'content': {'status': 'success', 'starting_state': {'path': '/home/harrigan/projects/toy-movie-local.old/tmat/ll/ll-1000/starting_states/6e8d6caa-b4a5-4892-b021-b0375eab3bb8.xml', 'protocol': 'localfs'}, 'output': {'path': '/home/harrigan/projects/toy-movie-local.old/tmat/ll/ll-1000/trajs/6e8d6caa-b4a5-4892-b021-b0375eab3bb8.h5', 'protocol': 'localfs'}},
 'header': {'msg_id': 'e566e653-0d90-4e29-be35-fc6ca6762f9c', 'sender_id': '6e8d6caa-b4a5-4892-b021-b0375eab3bb8', 'msg_type': 'simulation_done', 'time': 1384276539.190207}}
[AdaptiveServer] SENDING MESSAGE: {'content': {}, 'header': {'msg_id': 'f8166766-1d0b-4d21-a1d8-58abd65241e0', 'sender_id': 'a0b8cc36-ba1f-404c-823b-e04bf55608f7', 'msg_type': 'acknowledge_receipt', 'time': 1384276539.202162}}
[AdaptiveServer] RECEIVING MESSAGE: {'content': {},
 'header': {'msg_id': '66ee523a-4124-450c-a0ed-1802920c57fa', 'sender_id': '7ece83bd-edc6-4e67-ba76-53b239bff5fc', 'msg_type': 'register_TMatSimulator', 'time': 1384276549.122058}}
[AdaptiveServer] ERROR | ../../Gens.h5
[AdaptiveServer] Sampling from a multinimial. I choose traj="/home/harrigan/projects/toy-movie-local.old/tmat/ll/ll-1000/trajs/9dd80c97-7118-4788-8c19-29ef8c566d67.h5", frame=60
[AdaptiveServer] SENDING MESSAGE: {'content': {'starting_state': {'path': '/home/harrigan/projects/toy-movie-local.old/tmat/ll/ll-1000/starting_states/7ece83bd-edc6-4e67-ba76-53b239bff5fc.xml', 'protocol': 'localfs'}, 'output': {'path': '/home/harrigan/projects/toy-movie-local.old/tmat/ll/ll-1000/trajs/7ece83bd-edc6-4e67-ba76-53b239bff5fc.h5', 'protocol': 'localfs'}, 'topology_pdb': {'path': '../../ntl9_heavy.pdb', 'protocol': 'localfs'}}, 'header': {'msg_id': 'f1a99855-b4f1-4303-892b-129231277ec4', 'sender_id': 'a0b8cc36-ba1f-404c-823b-e04bf55608f7', 'msg_type': 'simulate', 'time': 1384276549.187787}}
[AdaptiveServer] RECEIVING MESSAGE: {'content': {'status': 'success', 'starting_state': {'path': '/home/harrigan/projects/toy-movie-local.old/tmat/ll/ll-1000/starting_states/7ece83bd-edc6-4e67-ba76-53b239bff5fc.xml', 'protocol': 'localfs'}, 'output': {'path': '/home/harrigan/projects/toy-movie-local.old/tmat/ll/ll-1000/trajs/7ece83bd-edc6-4e67-ba76-53b239bff5fc.h5', 'protocol': 'localfs'}},
 'header': {'msg_id': '8baa6756-2582-43bf-9ac9-47b61df52bbd', 'sender_id': '7ece83bd-edc6-4e67-ba76-53b239bff5fc', 'msg_type': 'simulation_done', 'time': 1384276549.220058}}
[AdaptiveServer] SENDING MESSAGE: {'content': {}, 'header': {'msg_id': '6bfb6c39-fffd-4664-b952-43f41b64eb2d', 'sender_id': 'a0b8cc36-ba1f-404c-823b-e04bf55608f7', 'msg_type': 'acknowledge_receipt', 'time': 1384276549.223173}}
[AdaptiveServer] RECEIVING MESSAGE: {'content': {},
 'header': {'msg_id': '7c84e3b1-abc7-46ce-82e9-91a17a25abdf', 'sender_id': '70097b09-a133-4870-821f-60a9783138a9', 'msg_type': 'register_TMatSimulator', 'time': 1384276559.097485}}
[AdaptiveServer] ERROR | ../../Gens.h5
[AdaptiveServer] Sampling from a multinimial. I choose traj="/home/harrigan/projects/toy-movie-local.old/tmat/ll/ll-1000/trajs/83d80a54-383c-4304-9339-4da1b0d06ded.h5", frame=80
[AdaptiveServer] SENDING MESSAGE: {'content': {'starting_state': {'path': '/home/harrigan/projects/toy-movie-local.old/tmat/ll/ll-1000/starting_states/70097b09-a133-4870-821f-60a9783138a9.xml', 'protocol': 'localfs'}, 'output': {'path': '/home/harrigan/projects/toy-movie-local.old/tmat/ll/ll-1000/trajs/70097b09-a133-4870-821f-60a9783138a9.h5', 'protocol': 'localfs'}, 'topology_pdb': {'path': '../../ntl9_heavy.pdb', 'protocol': 'localfs'}}, 'header': {'msg_id': '62d463e1-4e59-437a-8f4c-88d3b256fde9', 'sender_id': 'a0b8cc36-ba1f-404c-823b-e04bf55608f7', 'msg_type': 'simulate', 'time': 1384276559.158871}}
[AdaptiveServer] RECEIVING MESSAGE: {'content': {'status': 'success', 'starting_state': {'path': '/home/harrigan/projects/toy-movie-local.old/tmat/ll/ll-1000/starting_states/70097b09-a133-4870-821f-60a9783138a9.xml', 'protocol': 'localfs'}, 'output': {'path': '/home/harrigan/projects/toy-movie-local.old/tmat/ll/ll-1000/trajs/70097b09-a133-4870-821f-60a9783138a9.h5', 'protocol': 'localfs'}},
 'header': {'msg_id': '0e321050-ab94-49f4-a0c9-3b66a10c4d84', 'sender_id': '70097b09-a133-4870-821f-60a9783138a9', 'msg_type': 'simulation_done', 'time': 1384276559.188773}}
[AdaptiveServer] SENDING MESSAGE: {'content': {}, 'header': {'msg_id': '54884ab7-699b-4f1c-816e-7dcf342e8468', 'sender_id': 'a0b8cc36-ba1f-404c-823b-e04bf55608f7', 'msg_type': 'acknowledge_receipt', 'time': 1384276559.191739}}
[AdaptiveServer] RECEIVING MESSAGE: {'content': {},
 'header': {'msg_id': '793c5253-1ab6-4d5d-baec-7273da752e82', 'sender_id': 'db9f6cd6-caea-4338-bd44-8a443efbe74d', 'msg_type': 'register_TMatSimulator', 'time': 1384276569.140203}}
[AdaptiveServer] ERROR | ../../Gens.h5
[AdaptiveServer] Sampling from a multinimial. I choose traj="/home/harrigan/projects/toy-movie-local.old/tmat/ll/ll-1000/trajs/49bde99a-2fa2-4ee7-bda9-e8a7dc613796.h5", frame=70
[AdaptiveServer] SENDING MESSAGE: {'content': {'starting_state': {'path': '/home/harrigan/projects/toy-movie-local.old/tmat/ll/ll-1000/starting_states/db9f6cd6-caea-4338-bd44-8a443efbe74d.xml', 'protocol': 'localfs'}, 'output': {'path': '/home/harrigan/projects/toy-movie-local.old/tmat/ll/ll-1000/trajs/db9f6cd6-caea-4338-bd44-8a443efbe74d.h5', 'protocol': 'localfs'}, 'topology_pdb': {'path': '../../ntl9_heavy.pdb', 'protocol': 'localfs'}}, 'header': {'msg_id': '56ff768c-96c8-45e8-b48e-f626870e76a8', 'sender_id': 'a0b8cc36-ba1f-404c-823b-e04bf55608f7', 'msg_type': 'simulate', 'time': 1384276569.183964}}
[AdaptiveServer] RECEIVING MESSAGE: {'content': {'status': 'success', 'starting_state': {'path': '/home/harrigan/projects/toy-movie-local.old/tmat/ll/ll-1000/starting_states/db9f6cd6-caea-4338-bd44-8a443efbe74d.xml', 'protocol': 'localfs'}, 'output': {'path': '/home/harrigan/projects/toy-movie-local.old/tmat/ll/ll-1000/trajs/db9f6cd6-caea-4338-bd44-8a443efbe74d.h5', 'protocol': 'localfs'}},
 'header': {'msg_id': '1ff7fd40-5f50-4ea7-afe2-7ecef0e77511', 'sender_id': 'db9f6cd6-caea-4338-bd44-8a443efbe74d', 'msg_type': 'simulation_done', 'time': 1384276569.225625}}
[AdaptiveServer] SENDING MESSAGE: {'content': {}, 'header': {'msg_id': '7d728756-dee5-4f1d-b576-db65095566d6', 'sender_id': 'a0b8cc36-ba1f-404c-823b-e04bf55608f7', 'msg_type': 'acknowledge_receipt', 'time': 1384276569.23758}}
[AdaptiveServer] RECEIVING MESSAGE: {'content': {},
 'header': {'msg_id': 'b356f23e-0517-44fa-a5c7-753f3d48d5be', 'sender_id': '7b0af0be-fc50-42dd-9cb7-8a12c163247f', 'msg_type': 'register_TMatSimulator', 'time': 1384276579.103055}}
[AdaptiveServer] ERROR | ../../Gens.h5
[AdaptiveServer] Sampling from a multinimial. I choose traj="/home/harrigan/projects/toy-movie-local.old/tmat/ll/ll-1000/trajs/22a068b7-9e5c-485b-8767-bb34c1ad2391.h5", frame=70
[AdaptiveServer] SENDING MESSAGE: {'content': {'starting_state': {'path': '/home/harrigan/projects/toy-movie-local.old/tmat/ll/ll-1000/starting_states/7b0af0be-fc50-42dd-9cb7-8a12c163247f.xml', 'protocol': 'localfs'}, 'output': {'path': '/home/harrigan/projects/toy-movie-local.old/tmat/ll/ll-1000/trajs/7b0af0be-fc50-42dd-9cb7-8a12c163247f.h5', 'protocol': 'localfs'}, 'topology_pdb': {'path': '../../ntl9_heavy.pdb', 'protocol': 'localfs'}}, 'header': {'msg_id': 'ce2c092c-cfe1-4695-babb-ca76d3635e9f', 'sender_id': 'a0b8cc36-ba1f-404c-823b-e04bf55608f7', 'msg_type': 'simulate', 'time': 1384276579.139749}}
[AdaptiveServer] RECEIVING MESSAGE: {'content': {'status': 'success', 'starting_state': {'path': '/home/harrigan/projects/toy-movie-local.old/tmat/ll/ll-1000/starting_states/7b0af0be-fc50-42dd-9cb7-8a12c163247f.xml', 'protocol': 'localfs'}, 'output': {'path': '/home/harrigan/projects/toy-movie-local.old/tmat/ll/ll-1000/trajs/7b0af0be-fc50-42dd-9cb7-8a12c163247f.h5', 'protocol': 'localfs'}},
 'header': {'msg_id': '15c7f534-0315-45f0-84eb-8d7aaaa6807f', 'sender_id': '7b0af0be-fc50-42dd-9cb7-8a12c163247f', 'msg_type': 'simulation_done', 'time': 1384276579.200005}}
[AdaptiveServer] SENDING MESSAGE: {'content': {}, 'header': {'msg_id': 'd21468fa-7112-439e-8373-b66db848eaa8', 'sender_id': 'a0b8cc36-ba1f-404c-823b-e04bf55608f7', 'msg_type': 'acknowledge_receipt', 'time': 1384276579.212116}}
[AdaptiveServer] RECEIVING MESSAGE: {'content': {},
 'header': {'msg_id': '3cc2f4db-e563-4cf1-a02a-09d288d0b458', 'sender_id': '3203a298-a5bd-40ef-8f2e-2a82cdae7a24', 'msg_type': 'register_TMatSimulator', 'time': 1384276589.135251}}
[AdaptiveServer] ERROR | ../../Gens.h5
[AdaptiveServer] Sampling from a multinimial. I choose traj="/home/harrigan/projects/toy-movie-local.old/tmat/ll/ll-1000/trajs/b3c62baa-fcf3-4d89-9975-c03a542094fa.h5", frame=70
[AdaptiveServer] SENDING MESSAGE: {'content': {'starting_state': {'path': '/home/harrigan/projects/toy-movie-local.old/tmat/ll/ll-1000/starting_states/3203a298-a5bd-40ef-8f2e-2a82cdae7a24.xml', 'protocol': 'localfs'}, 'output': {'path': '/home/harrigan/projects/toy-movie-local.old/tmat/ll/ll-1000/trajs/3203a298-a5bd-40ef-8f2e-2a82cdae7a24.h5', 'protocol': 'localfs'}, 'topology_pdb': {'path': '../../ntl9_heavy.pdb', 'protocol': 'localfs'}}, 'header': {'msg_id': 'c7629bd9-851e-4068-bceb-c6040e2e06cb', 'sender_id': 'a0b8cc36-ba1f-404c-823b-e04bf55608f7', 'msg_type': 'simulate', 'time': 1384276589.288156}}
[AdaptiveServer] RECEIVING MESSAGE: {'content': {'status': 'success', 'starting_state': {'path': '/home/harrigan/projects/toy-movie-local.old/tmat/ll/ll-1000/starting_states/3203a298-a5bd-40ef-8f2e-2a82cdae7a24.xml', 'protocol': 'localfs'}, 'output': {'path': '/home/harrigan/projects/toy-movie-local.old/tmat/ll/ll-1000/trajs/3203a298-a5bd-40ef-8f2e-2a82cdae7a24.h5', 'protocol': 'localfs'}},
 'header': {'msg_id': 'e0717293-dc7b-42c6-b385-45f837642ce9', 'sender_id': '3203a298-a5bd-40ef-8f2e-2a82cdae7a24', 'msg_type': 'simulation_done', 'time': 1384276589.337558}}
[AdaptiveServer] SENDING MESSAGE: {'content': {}, 'header': {'msg_id': '28549a2d-ace2-4c73-a35c-6d4f10adf85b', 'sender_id': 'a0b8cc36-ba1f-404c-823b-e04bf55608f7', 'msg_type': 'acknowledge_receipt', 'time': 1384276589.349589}}
[AdaptiveServer] RECEIVING MESSAGE: {'content': {},
 'header': {'msg_id': '7eb774dd-13c2-4644-9b32-3b7cbea1c862', 'sender_id': 'b1e68ac7-bce0-4cb0-ac3c-4d7f65198de2', 'msg_type': 'register_TMatSimulator', 'time': 1384276599.116435}}
[AdaptiveServer] ERROR | ../../Gens.h5
[AdaptiveServer] Sampling from a multinimial. I choose traj="/home/harrigan/projects/toy-movie-local.old/tmat/ll/ll-1000/trajs/9f7822f9-1c71-4f9d-aa23-5a209089c924.h5", frame=70
[AdaptiveServer] SENDING MESSAGE: {'content': {'starting_state': {'path': '/home/harrigan/projects/toy-movie-local.old/tmat/ll/ll-1000/starting_states/b1e68ac7-bce0-4cb0-ac3c-4d7f65198de2.xml', 'protocol': 'localfs'}, 'output': {'path': '/home/harrigan/projects/toy-movie-local.old/tmat/ll/ll-1000/trajs/b1e68ac7-bce0-4cb0-ac3c-4d7f65198de2.h5', 'protocol': 'localfs'}, 'topology_pdb': {'path': '../../ntl9_heavy.pdb', 'protocol': 'localfs'}}, 'header': {'msg_id': '8c4752ec-6f8a-4167-ba92-45c01cacceb0', 'sender_id': 'a0b8cc36-ba1f-404c-823b-e04bf55608f7', 'msg_type': 'simulate', 'time': 1384276599.154239}}
[AdaptiveServer] RECEIVING MESSAGE: {'content': {'status': 'success', 'starting_state': {'path': '/home/harrigan/projects/toy-movie-local.old/tmat/ll/ll-1000/starting_states/b1e68ac7-bce0-4cb0-ac3c-4d7f65198de2.xml', 'protocol': 'localfs'}, 'output': {'path': '/home/harrigan/projects/toy-movie-local.old/tmat/ll/ll-1000/trajs/b1e68ac7-bce0-4cb0-ac3c-4d7f65198de2.h5', 'protocol': 'localfs'}},
 'header': {'msg_id': '556d64c7-d1e2-4239-bcad-9019ea4fabf6', 'sender_id': 'b1e68ac7-bce0-4cb0-ac3c-4d7f65198de2', 'msg_type': 'simulation_done', 'time': 1384276599.201218}}
[AdaptiveServer] SENDING MESSAGE: {'content': {}, 'header': {'msg_id': 'e465cd18-695a-4af6-ab3f-6d7781838165', 'sender_id': 'a0b8cc36-ba1f-404c-823b-e04bf55608f7', 'msg_type': 'acknowledge_receipt', 'time': 1384276599.204144}}
[AdaptiveServer] RECEIVING MESSAGE: {'content': {},
 'header': {'msg_id': '25d91d8d-8769-45d0-9f92-574e3ee0bf1a', 'sender_id': '8a5f6b0e-7485-48a9-9951-67bf3bac018b', 'msg_type': 'register_TMatSimulator', 'time': 1384276609.124436}}
[AdaptiveServer] ERROR | ../../Gens.h5
[AdaptiveServer] Sampling from a multinimial. I choose traj="/home/harrigan/projects/toy-movie-local.old/tmat/ll/ll-1000/trajs/752ed8cc-c278-4a57-9325-5a7bb82bbebf.h5", frame=60
[AdaptiveServer] SENDING MESSAGE: {'content': {'starting_state': {'path': '/home/harrigan/projects/toy-movie-local.old/tmat/ll/ll-1000/starting_states/8a5f6b0e-7485-48a9-9951-67bf3bac018b.xml', 'protocol': 'localfs'}, 'output': {'path': '/home/harrigan/projects/toy-movie-local.old/tmat/ll/ll-1000/trajs/8a5f6b0e-7485-48a9-9951-67bf3bac018b.h5', 'protocol': 'localfs'}, 'topology_pdb': {'path': '../../ntl9_heavy.pdb', 'protocol': 'localfs'}}, 'header': {'msg_id': '3244315f-91e0-45a1-bcfc-a098aa451f60', 'sender_id': 'a0b8cc36-ba1f-404c-823b-e04bf55608f7', 'msg_type': 'simulate', 'time': 1384276609.173944}}
[AdaptiveServer] RECEIVING MESSAGE: {'content': {'status': 'success', 'starting_state': {'path': '/home/harrigan/projects/toy-movie-local.old/tmat/ll/ll-1000/starting_states/8a5f6b0e-7485-48a9-9951-67bf3bac018b.xml', 'protocol': 'localfs'}, 'output': {'path': '/home/harrigan/projects/toy-movie-local.old/tmat/ll/ll-1000/trajs/8a5f6b0e-7485-48a9-9951-67bf3bac018b.h5', 'protocol': 'localfs'}},
 'header': {'msg_id': 'db8375be-ef71-428c-939b-a66c62d6e8d4', 'sender_id': '8a5f6b0e-7485-48a9-9951-67bf3bac018b', 'msg_type': 'simulation_done', 'time': 1384276609.201873}}
[AdaptiveServer] SENDING MESSAGE: {'content': {}, 'header': {'msg_id': '096405d5-4ac6-4a92-aafb-a4d62781a5cb', 'sender_id': 'a0b8cc36-ba1f-404c-823b-e04bf55608f7', 'msg_type': 'acknowledge_receipt', 'time': 1384276609.204804}}
[AdaptiveServer] RECEIVING MESSAGE: {'content': {},
 'header': {'msg_id': '0d2f6b17-3b3b-47c8-a358-d88c8f948dde', 'sender_id': 'e0dce308-76f2-4a00-9c1d-92a4ab06ab09', 'msg_type': 'register_TMatSimulator', 'time': 1384276619.124096}}
[AdaptiveServer] ERROR | ../../Gens.h5
[AdaptiveServer] Sampling from a multinimial. I choose traj="/home/harrigan/projects/toy-movie-local.old/tmat/ll/ll-1000/trajs/a667d785-5ecf-4e24-afe1-20c5f45fa970.h5", frame=80
[AdaptiveServer] SENDING MESSAGE: {'content': {'starting_state': {'path': '/home/harrigan/projects/toy-movie-local.old/tmat/ll/ll-1000/starting_states/e0dce308-76f2-4a00-9c1d-92a4ab06ab09.xml', 'protocol': 'localfs'}, 'output': {'path': '/home/harrigan/projects/toy-movie-local.old/tmat/ll/ll-1000/trajs/e0dce308-76f2-4a00-9c1d-92a4ab06ab09.h5', 'protocol': 'localfs'}, 'topology_pdb': {'path': '../../ntl9_heavy.pdb', 'protocol': 'localfs'}}, 'header': {'msg_id': '7b105812-5ca9-41e3-92fd-3854cd4fae03', 'sender_id': 'a0b8cc36-ba1f-404c-823b-e04bf55608f7', 'msg_type': 'simulate', 'time': 1384276619.172465}}
[AdaptiveServer] RECEIVING MESSAGE: {'content': {'status': 'success', 'starting_state': {'path': '/home/harrigan/projects/toy-movie-local.old/tmat/ll/ll-1000/starting_states/e0dce308-76f2-4a00-9c1d-92a4ab06ab09.xml', 'protocol': 'localfs'}, 'output': {'path': '/home/harrigan/projects/toy-movie-local.old/tmat/ll/ll-1000/trajs/e0dce308-76f2-4a00-9c1d-92a4ab06ab09.h5', 'protocol': 'localfs'}},
 'header': {'msg_id': '246ccaf9-a491-4e5e-ae3b-10ecdbaf40b7', 'sender_id': 'e0dce308-76f2-4a00-9c1d-92a4ab06ab09', 'msg_type': 'simulation_done', 'time': 1384276619.200973}}
[AdaptiveServer] SENDING MESSAGE: {'content': {}, 'header': {'msg_id': '4ce08108-4898-426a-a921-0650185900c3', 'sender_id': 'a0b8cc36-ba1f-404c-823b-e04bf55608f7', 'msg_type': 'acknowledge_receipt', 'time': 1384276619.212751}}
[AdaptiveServer] RECEIVING MESSAGE: {'content': {},
 'header': {'msg_id': '7eaa8d63-3da3-4129-a1ad-59e1cb997d43', 'sender_id': '9976a78c-ce89-4351-885c-57afb2e73936', 'msg_type': 'register_TMatSimulator', 'time': 1384276629.102318}}
[AdaptiveServer] ERROR | ../../Gens.h5
[AdaptiveServer] Sampling from a multinimial. I choose traj="/home/harrigan/projects/toy-movie-local.old/tmat/ll/ll-1000/trajs/6790ee23-7578-4ac6-b1c5-e99014606301.h5", frame=80
[AdaptiveServer] SENDING MESSAGE: {'content': {'starting_state': {'path': '/home/harrigan/projects/toy-movie-local.old/tmat/ll/ll-1000/starting_states/9976a78c-ce89-4351-885c-57afb2e73936.xml', 'protocol': 'localfs'}, 'output': {'path': '/home/harrigan/projects/toy-movie-local.old/tmat/ll/ll-1000/trajs/9976a78c-ce89-4351-885c-57afb2e73936.h5', 'protocol': 'localfs'}, 'topology_pdb': {'path': '../../ntl9_heavy.pdb', 'protocol': 'localfs'}}, 'header': {'msg_id': '00c51aca-6544-4848-875e-7efc900e59f9', 'sender_id': 'a0b8cc36-ba1f-404c-823b-e04bf55608f7', 'msg_type': 'simulate', 'time': 1384276629.155723}}
[AdaptiveServer] RECEIVING MESSAGE: {'content': {'status': 'success', 'starting_state': {'path': '/home/harrigan/projects/toy-movie-local.old/tmat/ll/ll-1000/starting_states/9976a78c-ce89-4351-885c-57afb2e73936.xml', 'protocol': 'localfs'}, 'output': {'path': '/home/harrigan/projects/toy-movie-local.old/tmat/ll/ll-1000/trajs/9976a78c-ce89-4351-885c-57afb2e73936.h5', 'protocol': 'localfs'}},
 'header': {'msg_id': '870fe722-97d9-4288-8374-1e566e27b635', 'sender_id': '9976a78c-ce89-4351-885c-57afb2e73936', 'msg_type': 'simulation_done', 'time': 1384276629.183693}}
[AdaptiveServer] SENDING MESSAGE: {'content': {}, 'header': {'msg_id': 'ff122bd7-ef73-4658-83f0-bfeb49adaf24', 'sender_id': 'a0b8cc36-ba1f-404c-823b-e04bf55608f7', 'msg_type': 'acknowledge_receipt', 'time': 1384276629.192607}}
